2024-07-19 23:32:27,658 - ComicViewer - INFO - System Information:
2024-07-19 23:32:27,658 - ComicViewer - INFO - Python version: 3.10.14
2024-07-19 23:32:27,676 - ComicViewer - INFO - Platform: Windows-10-10.0.19044-SP0
2024-07-19 23:32:27,676 - ComicViewer - INFO - Processor: AMD64 Family 23 Model 113 Stepping 0, AuthenticAMD
2024-07-19 23:32:27,677 - ComicViewer - INFO - Machine: AMD64
2024-07-19 23:32:27,698 - ComicViewer - INFO - System Information:
2024-07-19 23:32:27,699 - ComicViewer - INFO - Python version: 3.10.14 | packaged by conda-forge | (main, Mar 20 2024, 12:40:08) [MSC v.1938 64 bit (AMD64)]
2024-07-19 23:32:27,700 - ComicViewer - INFO - Platform: Windows-10-10.0.19044-SP0
2024-07-19 23:32:27,701 - ComicViewer - INFO - Processor: AMD64 Family 23 Model 113 Stepping 0, AuthenticAMD
2024-07-19 23:32:27,701 - ComicViewer - INFO - Machine: AMD64
2024-07-19 23:32:27,702 - ComicViewer - INFO - System Information:
2024-07-19 23:32:27,702 - ComicViewer - INFO - Python version: 3.10.14 | packaged by conda-forge | (main, Mar 20 2024, 12:40:08) [MSC v.1938 64 bit (AMD64)]
2024-07-19 23:32:27,702 - ComicViewer - INFO - Platform: Windows-10-10.0.19044-SP0
2024-07-19 23:32:27,703 - ComicViewer - INFO - Processor: AMD64 Family 23 Model 113 Stepping 0, AuthenticAMD
2024-07-19 23:32:27,703 - ComicViewer - INFO - Machine: AMD64
2024-07-19 23:32:27,753 - ComicViewer - INFO - System Information:
2024-07-19 23:32:27,754 - ComicViewer - INFO - Python version: 3.10.14 | packaged by conda-forge | (main, Mar 20 2024, 12:40:08) [MSC v.1938 64 bit (AMD64)]
2024-07-19 23:32:27,755 - ComicViewer - INFO - Platform: Windows-10-10.0.19044-SP0
2024-07-19 23:32:27,755 - ComicViewer - INFO - Processor: AMD64 Family 23 Model 113 Stepping 0, AuthenticAMD
2024-07-19 23:32:27,755 - ComicViewer - INFO - Machine: AMD64
2024-07-19 23:32:27,756 - ComicViewer - INFO - System Information:
2024-07-19 23:32:27,756 - ComicViewer - INFO - Python version: 3.10.14 | packaged by conda-forge | (main, Mar 20 2024, 12:40:08) [MSC v.1938 64 bit (AMD64)]
2024-07-19 23:32:27,757 - ComicViewer - INFO - Platform: Windows-10-10.0.19044-SP0
2024-07-19 23:32:27,757 - ComicViewer - INFO - Processor: AMD64 Family 23 Model 113 Stepping 0, AuthenticAMD
2024-07-19 23:32:27,757 - ComicViewer - INFO - Machine: AMD64
2024-07-19 23:32:27,864 - ComicViewer - DEBUG - Entering function: __init__
2024-07-19 23:32:27,865 - ComicViewer - DEBUG - Entering function: create_ui
2024-07-19 23:32:27,867 - ComicViewer - INFO - UI created
2024-07-19 23:32:27,868 - ComicViewer - DEBUG - Exiting function: create_ui
